<?xml version="1.0" encoding="UTF-8"?>
<!-- Generated by org.testng.reporters.JUnitXMLReporter -->
<testsuite ignored="1" hostname="LAPTOP-GLPUBTPG" failures="1" tests="1" name="Default test(failed)" time="0.048" errors="0" timestamp="2025-08-22T09:49:55 IST">
  <testcase classname="seleniumInterviewProgram.SeleniumInterviewPractice" name="test1" time="0.011">
    <failure type="java.lang.AssertionError" message="expected [false] but found [true]">
      <![CDATA[java.lang.AssertionError: expected [false] but found [true]
at seleniumInterviewProgram.SeleniumInterviewPractice.test1(SeleniumInterviewPractice.java:12)
at java.base/java.util.ArrayList.forEach(ArrayList.java:1597)
... Removed 32 stack frames]]>
    </failure>
  </testcase> <!-- test1 -->
  <testcase classname="seleniumInterviewProgram.SeleniumInterviewPractice" name="test2" time="0.0">
    <ignored/>
  </testcase> <!-- test2 -->
</testsuite> <!-- Default test(failed) -->
