<?xml version="1.0" encoding="UTF-8"?>
<!-- Generated by org.testng.reporters.JUnitXMLReporter -->
<testsuite ignored="0" hostname="LAPTOP-GLPUBTPG" failures="0" tests="2" name="Test case for parameterization" time="0.051" errors="0" timestamp="2025-08-25T22:26:29 IST">
  <testcase classname="testNGInterviewPractice.Parameterization" name="Details" time="0.007"/>
  <testcase classname="testNGInterviewPractice.Parameterization" name="Details" time="0.005"/>
</testsuite> <!-- Test case for parameterization -->
