<?xml version="1.0" encoding="UTF-8"?>
<!-- Generated by org.testng.reporters.JUnitXMLReporter -->
<testsuite ignored="1" hostname="LAPTOP-GLPUBTPG" failures="0" tests="8" name="test cases" time="2.99" errors="0" timestamp="2025-08-25T21:54:36 IST">
  <testcase classname="testNGInterviewPractice.Priority" name="StartACar" time="0.009"/>
  <testcase classname="testNGInterviewPractice.Priority" name="PutFirstGear" time="0.001"/>
  <testcase classname="testNGInterviewPractice.Priority" name="PutSecondGear" time="0.001"/>
  <testcase classname="testNGInterviewPractice.Priority" name="PutThirdGear" time="0.001"/>
  <testcase classname="testNGInterviewPractice.Priority" name="PutForthGear" time="0.002"/>
  <testcase classname="testNGInterviewPractice.SuiteBeforeAfter" name="Bing" time="0.503"/>
  <testcase classname="testNGInterviewPractice.SuiteBeforeAfter" name="Google" time="1.398"/>
  <testcase classname="testNGInterviewPractice.SuiteBeforeAfter" name="Yahoo" time="1.013"/>
  <testcase classname="testNGInterviewPractice.Priority" name="playMusic" time="0.0">
    <ignored/>
  </testcase> <!-- playMusic -->
</testsuite> <!-- test cases -->
