<?xml version="1.0" encoding="UTF-8"?>
<!-- Generated by org.testng.reporters.JUnitXMLReporter -->
<testsuite ignored="2" hostname="LAPTOP-GLPUBTPG" failures="0" tests="4" name="Test case for exclude groups" time="0.063" errors="0" timestamp="2025-08-25T21:37:32 IST">
  <testcase classname="testNGInterviewPractice.Groups" name="Moto1" time="0.017"/>
  <testcase classname="testNGInterviewPractice.Groups" name="Moto2" time="0.0"/>
  <testcase classname="testNGInterviewPractice.Groups" name="Tata1" time="0.0"/>
  <testcase classname="testNGInterviewPractice.Groups" name="Tata2" time="0.0"/>
  <testcase classname="testNGInterviewPractice.Groups" name="Vivo1" time="0.0">
    <ignored/>
  </testcase> <!-- Vivo1 -->
  <testcase classname="testNGInterviewPractice.Groups" name="Vivo2" time="0.0">
    <ignored/>
  </testcase> <!-- Vivo2 -->
</testsuite> <!-- Test case for exclude groups -->
