<?xml version="1.0" encoding="UTF-8"?>
<testng-results ignored="0" total="1" passed="1" failed="0" skipped="0">
  <reporter-output>
  </reporter-output>
  <suite started-at="2025-09-11T15:19:07 IST" name="Default suite" finished-at="2025-09-11T15:19:11 IST" duration-ms="4058">
    <groups>
    </groups>
    <test started-at="2025-09-11T15:19:07 IST" name="Default test" finished-at="2025-09-11T15:19:11 IST" duration-ms="4058">
      <class name="pomInterviewPractice_TestCases.Part_03_01_Login">
        <test-method signature="LoginPage()[pri:0, instance:pomInterviewPractice_TestCases.Part_03_01_Login@2362f559]" started-at="2025-09-11T15:19:07 IST" name="LoginPage" finished-at="2025-09-11T15:19:11 IST" duration-ms="4016" status="PASS">
          <reporter-output>
          </reporter-output>
        </test-method> <!-- LoginPage -->
      </class> <!-- pomInterviewPractice_TestCases.Part_03_01_Login -->
    </test> <!-- Default test -->
  </suite> <!-- Default suite -->
</testng-results>
