<?xml version="1.0" encoding="UTF-8"?>
<!-- Generated by org.testng.reporters.JUnitXMLReporter -->
<testsuite ignored="3" hostname="LAPTOP-GLPUBTPG" failures="0" tests="14" name="Test case for parallel" time="1.772" errors="0" timestamp="2025-08-26T08:35:14 IST">
  <testcase classname="testNGInterviewPractice.Priority" name="StartACar" time="0.01"/>
  <testcase classname="testNGInterviewPractice.Groups" name="Moto1" time="0.011"/>
  <testcase classname="testNGInterviewPractice.Parameterization" name="Details" time="0.009"/>
  <testcase classname="testNGInterviewPractice.Priority" name="PutFirstGear" time="0.003"/>
  <testcase classname="testNGInterviewPractice.Groups" name="Moto2" time="0.001"/>
  <testcase classname="testNGInterviewPractice.Priority" name="PutSecondGear" time="0.004"/>
  <testcase classname="testNGInterviewPractice.Priority" name="PutThirdGear" time="0.002"/>
  <testcase classname="testNGInterviewPractice.Groups" name="Tata1" time="0.004"/>
  <testcase classname="testNGInterviewPractice.Priority" name="PutForthGear" time="0.001"/>
  <testcase classname="testNGInterviewPractice.Parameterization" name="Details" time="0.013"/>
  <testcase classname="testNGInterviewPractice.Groups" name="Tata2" time="0.003"/>
  <testcase classname="testNGInterviewPractice.SuiteBeforeAfter" name="Bing" time="0.355"/>
  <testcase classname="testNGInterviewPractice.SuiteBeforeAfter" name="Google" time="0.738"/>
  <testcase classname="testNGInterviewPractice.SuiteBeforeAfter" name="Yahoo" time="0.638"/>
  <testcase classname="testNGInterviewPractice.Priority" name="playMusic" time="0.0">
    <ignored/>
  </testcase> <!-- playMusic -->
  <testcase classname="testNGInterviewPractice.Groups" name="Vivo1" time="0.0">
    <ignored/>
  </testcase> <!-- Vivo1 -->
  <testcase classname="testNGInterviewPractice.Groups" name="Vivo2" time="0.0">
    <ignored/>
  </testcase> <!-- Vivo2 -->
</testsuite> <!-- Test case for parallel -->
