<?xml version="1.0" encoding="UTF-8"?>
<!-- Generated by org.testng.reporters.JUnitXMLReporter -->
<testsuite ignored="4" hostname="LAPTOP-GLPUBTPG" failures="0" tests="2" name="TestCases for groups" time="0.053" errors="0" timestamp="2025-08-25T21:25:45 IST">
  <testcase classname="testNGInterviewPractice.Groups" name="Moto1" time="0.009"/>
  <testcase classname="testNGInterviewPractice.Groups" name="Moto2" time="0.002"/>
  <testcase classname="testNGInterviewPractice.Groups" name="Vivo1" time="0.0">
    <ignored/>
  </testcase> <!-- Vivo1 -->
  <testcase classname="testNGInterviewPractice.Groups" name="Vivo2" time="0.0">
    <ignored/>
  </testcase> <!-- Vivo2 -->
  <testcase classname="testNGInterviewPractice.Groups" name="Tata2" time="0.0">
    <ignored/>
  </testcase> <!-- Tata2 -->
  <testcase classname="testNGInterviewPractice.Groups" name="Tata1" time="0.0">
    <ignored/>
  </testcase> <!-- Tata1 -->
</testsuite> <!-- TestCases for groups -->
