<?xml version="1.0" encoding="UTF-8"?>
<!-- Generated by org.testng.reporters.JUnitXMLReporter -->
<testsuite ignored="0" hostname="LAPTOP-GLPUBTPG" failures="0" tests="2" name="TestactiveElement" time="4.804" errors="0" timestamp="2025-08-13T16:18:04 IST">
  <testcase classname="seleniumInterviewProgram.Part16_activeElementAndFindBy" name="PageFactoryFindBy" time="4.091"/>
  <testcase classname="seleniumInterviewProgram.Part16_activeElementAndFindBy" name="activeElement" time="4.763"/>
</testsuite> <!-- TestactiveElement -->
